<?xml version="1.0" encoding="UTF-8"?>
<testng-results skipped="0" failed="0" ignored="0" total="1" passed="1">
  <reporter-output>
  </reporter-output>
  <suite name="Default suite" duration-ms="1362" started-at="2023-07-19T06:53:27Z" finished-at="2023-07-19T06:53:28Z">
    <groups>
    </groups>
    <test name="Default test" duration-ms="1362" started-at="2023-07-19T06:53:27Z" finished-at="2023-07-19T06:53:28Z">
      <class name="testcases.EndToEndTests">
        <test-method status="PASS" signature="EndToEndTest()[pri:0, instance:testcases.EndToEndTests@7f010382]" name="EndToEndTest" duration-ms="1347" started-at="2023-07-19T06:53:27Z" finished-at="2023-07-19T06:53:28Z">
          <reporter-output>
          </reporter-output>
        </test-method> <!-- EndToEndTest -->
      </class> <!-- testcases.EndToEndTests -->
    </test> <!-- Default test -->
  </suite> <!-- Default suite -->
</testng-results>
